   0  $accept : START $end

   1  START : MULTISTART
   2        | START MULTISTART
   3        | START error
   4        |

   5  MULTISTART : "PASS"
   6             | DECLARACION
   7             | IMPORT
   8             | DEFF
   9             | PRINT
  10             | WHILEE
  11             | FO
  12             | DERAGEX
  13             | IFF
  14             | SALTO
  15             | MULTISTART MULTISTART
  16             |

  17  NEWNUMBER : OPESTA NUMBER
  18            | NUMBER

  19  OPESTA : MAS
  20         | MENOS

  21  NUMBER : INT
  22         | LONG
  23         | IMG
  24         | DEC

  25  DECLARACION : VAR DECLA DERANGE END

  26  DECLA : ',' VAR DECLA DERANGE ','
  27        | OPASS

  28  DERANGE : EXPRESSION
  29          | RANGE

  30  DERAGEX : EXPRESSION END
  31          | RANGE END

  32  EXPRESSION : STR
  33             | LIST
  34             | CALLSITO
  35             | MATRIX
  36             | MATRIXCALL

  37  LISTCALL : VAR '[' CALLSITO ']'

  38  CALLSITO : NUMBEROP
  39           | LISTCALL
  40           | FUNCTION

  41  MATRIXCALL : VAR '[' CALLSITO ']' '[' CALLSITO ']'

  42  LIST : '[' DERANGE LI ']'

  43  LI : ',' DERANGE LI
  44     |

  45  MATRIX : LIST LIST

  46  NUMBEROP : NUMBEROP OPERATION NUMBEROP
  47           | "NOT" NUMBEROP
  48           | NEWNUMBER
  49           | VAR
  50           | "TRUE"
  51           | "FALSE"
  52           | '(' NUMBEROP ')'

  53  OPERATION : OPAL
  54            | OPESTA
  55            | MULT
  56            | COMP
  57            | OPBOL

  58  OPBOL : "IS"
  59        | "AND"
  60        | "OR"

  61  FUNCTION : VAR '(' DERANGE FU ')'

  62  FU : ',' DERANGE FU
  63     |

  64  IMPORT : "IMPORT" VAR END

  65  RANGE : "RANGE" '(' RANG ')'

  66  RANG : EXPRESSION
  67       | EXPRESSION ',' EXPRESSION

  68  IFF : "IF" DERANGE ':' PLUSTART ELIF ELSE

  69  ELIF : "ELIF" DERANGE ':' PLUSTART ELIF
  70       |

  71  ELSE : "ELSE" ':' PLUSTART
  72       |

  73  FO : "FOR" VAR "IN" FORIMP ':' PLUSTART

  74  FORIMP : VAR
  75         | RANGE
  76         | STR
  77         | LIST
  78         | LISTCALL

  79  WHILEE : "WHILE" DERANGE ':' PLUSTART

  80  PLUSTART : MULTISTART
  81           | "BREAK"
  82           | "CONTINUE"

  83  PRINT : "PRINT" '(' DERANGE CICLIKRANGE ')' END

  84  CICLIKRANGE : ',' DERANGE CICLIKRANGE
  85              |

  86  DEFF : "DEF" FUNCTION ':' MULTISTART RETU

  87  RETU : "RETURN" END
  88       |

  89  END : ';'
  90      |

0: reduce/reduce conflict (reduce 4, reduce 16) on $end
0: reduce/reduce conflict (reduce 4, reduce 16) on error
0: shift/reduce conflict (shift 1, reduce 4) on STR
0: shift/reduce conflict (shift 1, reduce 16) on STR
0: shift/reduce conflict (shift 2, reduce 4) on INT
0: shift/reduce conflict (shift 2, reduce 16) on INT
0: shift/reduce conflict (shift 3, reduce 4) on DEC
0: shift/reduce conflict (shift 3, reduce 16) on DEC
0: shift/reduce conflict (shift 4, reduce 4) on LONG
0: shift/reduce conflict (shift 4, reduce 16) on LONG
0: shift/reduce conflict (shift 5, reduce 4) on IMG
0: shift/reduce conflict (shift 5, reduce 16) on IMG
0: shift/reduce conflict (shift 6, reduce 4) on VAR
0: shift/reduce conflict (shift 6, reduce 16) on VAR
0: shift/reduce conflict (shift 7, reduce 4) on SALTO
0: shift/reduce conflict (shift 7, reduce 16) on SALTO
0: shift/reduce conflict (shift 8, reduce 4) on MENOS
0: shift/reduce conflict (shift 8, reduce 16) on MENOS
0: shift/reduce conflict (shift 9, reduce 4) on MAS
0: shift/reduce conflict (shift 9, reduce 16) on MAS
0: shift/reduce conflict (shift 10, reduce 4) on "PASS"
0: shift/reduce conflict (shift 10, reduce 16) on "PASS"
0: shift/reduce conflict (shift 11, reduce 4) on '['
0: shift/reduce conflict (shift 11, reduce 16) on '['
0: shift/reduce conflict (shift 12, reduce 4) on "NOT"
0: shift/reduce conflict (shift 12, reduce 16) on "NOT"
0: shift/reduce conflict (shift 13, reduce 4) on "TRUE"
0: shift/reduce conflict (shift 13, reduce 16) on "TRUE"
0: shift/reduce conflict (shift 14, reduce 4) on "FALSE"
0: shift/reduce conflict (shift 14, reduce 16) on "FALSE"
0: shift/reduce conflict (shift 15, reduce 4) on '('
0: shift/reduce conflict (shift 15, reduce 16) on '('
0: shift/reduce conflict (shift 16, reduce 4) on "IMPORT"
0: shift/reduce conflict (shift 16, reduce 16) on "IMPORT"
0: shift/reduce conflict (shift 17, reduce 4) on "RANGE"
0: shift/reduce conflict (shift 17, reduce 16) on "RANGE"
0: shift/reduce conflict (shift 18, reduce 4) on "IF"
0: shift/reduce conflict (shift 18, reduce 16) on "IF"
0: shift/reduce conflict (shift 19, reduce 4) on "FOR"
0: shift/reduce conflict (shift 19, reduce 16) on "FOR"
0: shift/reduce conflict (shift 20, reduce 4) on "WHILE"
0: shift/reduce conflict (shift 20, reduce 16) on "WHILE"
0: shift/reduce conflict (shift 21, reduce 4) on "PRINT"
0: shift/reduce conflict (shift 21, reduce 16) on "PRINT"
0: shift/reduce conflict (shift 22, reduce 4) on "DEF"
0: shift/reduce conflict (shift 22, reduce 16) on "DEF"
state 0
	$accept : . START $end  (0)
	START : .  (4)
	MULTISTART : .  (16)

	STR  shift 1
	INT  shift 2
	DEC  shift 3
	LONG  shift 4
	IMG  shift 5
	VAR  shift 6
	SALTO  shift 7
	MENOS  shift 8
	MAS  shift 9
	"PASS"  shift 10
	'['  shift 11
	"NOT"  shift 12
	"TRUE"  shift 13
	"FALSE"  shift 14
	'('  shift 15
	"IMPORT"  shift 16
	"RANGE"  shift 17
	"IF"  shift 18
	"FOR"  shift 19
	"WHILE"  shift 20
	"PRINT"  shift 21
	"DEF"  shift 22
	$end  reduce 4
	error  reduce 4

	START  goto 23
	MULTISTART  goto 24
	DECLARACION  goto 25
	IMPORT  goto 26
	DEFF  goto 27
	PRINT  goto 28
	WHILEE  goto 29
	FO  goto 30
	DERAGEX  goto 31
	IFF  goto 32
	NEWNUMBER  goto 33
	OPESTA  goto 34
	NUMBER  goto 35
	EXPRESSION  goto 36
	RANGE  goto 37
	LIST  goto 38
	CALLSITO  goto 39
	MATRIX  goto 40
	MATRIXCALL  goto 41
	LISTCALL  goto 42
	NUMBEROP  goto 43
	FUNCTION  goto 44


state 1
	EXPRESSION : STR .  (32)

	.  reduce 32


state 2
	NUMBER : INT .  (21)

	.  reduce 21


state 3
	NUMBER : DEC .  (24)

	.  reduce 24


state 4
	NUMBER : LONG .  (22)

	.  reduce 22


state 5
	NUMBER : IMG .  (23)

	.  reduce 23


6: shift/reduce conflict (shift 47, reduce 49) on '['
6: shift/reduce conflict (shift 48, reduce 49) on '('
state 6
	DECLARACION : VAR . DECLA DERANGE END  (25)
	LISTCALL : VAR . '[' CALLSITO ']'  (37)
	MATRIXCALL : VAR . '[' CALLSITO ']' '[' CALLSITO ']'  (41)
	NUMBEROP : VAR .  (49)
	FUNCTION : VAR . '(' DERANGE FU ')'  (61)

	OPASS  shift 45
	','  shift 46
	'['  shift 47
	'('  shift 48
	$end  reduce 49
	error  reduce 49
	OPAL  reduce 49
	COMP  reduce 49
	STR  reduce 49
	INT  reduce 49
	DEC  reduce 49
	LONG  reduce 49
	IMG  reduce 49
	VAR  reduce 49
	SALTO  reduce 49
	MULT  reduce 49
	MENOS  reduce 49
	MAS  reduce 49
	"PASS"  reduce 49
	"NOT"  reduce 49
	"TRUE"  reduce 49
	"FALSE"  reduce 49
	"IS"  reduce 49
	"AND"  reduce 49
	"OR"  reduce 49
	"IMPORT"  reduce 49
	"RANGE"  reduce 49
	"IF"  reduce 49
	"ELIF"  reduce 49
	"ELSE"  reduce 49
	"FOR"  reduce 49
	"WHILE"  reduce 49
	"PRINT"  reduce 49
	"DEF"  reduce 49
	"RETURN"  reduce 49
	';'  reduce 49

	DECLA  goto 49


state 7
	MULTISTART : SALTO .  (14)

	.  reduce 14


state 8
	OPESTA : MENOS .  (20)

	.  reduce 20


state 9
	OPESTA : MAS .  (19)

	.  reduce 19


state 10
	MULTISTART : "PASS" .  (5)

	.  reduce 5


state 11
	LIST : '[' . DERANGE LI ']'  (42)

	STR  shift 1
	INT  shift 2
	DEC  shift 3
	LONG  shift 4
	IMG  shift 5
	VAR  shift 50
	MENOS  shift 8
	MAS  shift 9
	'['  shift 11
	"NOT"  shift 12
	"TRUE"  shift 13
	"FALSE"  shift 14
	'('  shift 15
	"RANGE"  shift 17
	.  error

	NEWNUMBER  goto 33
	OPESTA  goto 34
	NUMBER  goto 35
	DERANGE  goto 51
	EXPRESSION  goto 52
	RANGE  goto 53
	LIST  goto 38
	CALLSITO  goto 39
	MATRIX  goto 40
	MATRIXCALL  goto 41
	LISTCALL  goto 42
	NUMBEROP  goto 43
	FUNCTION  goto 44


state 12
	NUMBEROP : "NOT" . NUMBEROP  (47)

	INT  shift 2
	DEC  shift 3
	LONG  shift 4
	IMG  shift 5
	VAR  shift 54
	MENOS  shift 8
	MAS  shift 9
	"NOT"  shift 12
	"TRUE"  shift 13
	"FALSE"  shift 14
	'('  shift 15
	.  error

	NEWNUMBER  goto 33
	OPESTA  goto 34
	NUMBER  goto 35
	NUMBEROP  goto 55


state 13
	NUMBEROP : "TRUE" .  (50)

	.  reduce 50


state 14
	NUMBEROP : "FALSE" .  (51)

	.  reduce 51


state 15
	NUMBEROP : '(' . NUMBEROP ')'  (52)

	INT  shift 2
	DEC  shift 3
	LONG  shift 4
	IMG  shift 5
	VAR  shift 54
	MENOS  shift 8
	MAS  shift 9
	"NOT"  shift 12
	"TRUE"  shift 13
	"FALSE"  shift 14
	'('  shift 15
	.  error

	NEWNUMBER  goto 33
	OPESTA  goto 34
	NUMBER  goto 35
	NUMBEROP  goto 56


state 16
	IMPORT : "IMPORT" . VAR END  (64)

	VAR  shift 57
	.  error


state 17
	RANGE : "RANGE" . '(' RANG ')'  (65)

	'('  shift 58
	.  error


state 18
	IFF : "IF" . DERANGE ':' PLUSTART ELIF ELSE  (68)

	STR  shift 1
	INT  shift 2
	DEC  shift 3
	LONG  shift 4
	IMG  shift 5
	VAR  shift 50
	MENOS  shift 8
	MAS  shift 9
	'['  shift 11
	"NOT"  shift 12
	"TRUE"  shift 13
	"FALSE"  shift 14
	'('  shift 15
	"RANGE"  shift 17
	.  error

	NEWNUMBER  goto 33
	OPESTA  goto 34
	NUMBER  goto 35
	DERANGE  goto 59
	EXPRESSION  goto 52
	RANGE  goto 53
	LIST  goto 38
	CALLSITO  goto 39
	MATRIX  goto 40
	MATRIXCALL  goto 41
	LISTCALL  goto 42
	NUMBEROP  goto 43
	FUNCTION  goto 44


state 19
	FO : "FOR" . VAR "IN" FORIMP ':' PLUSTART  (73)

	VAR  shift 60
	.  error


state 20
	WHILEE : "WHILE" . DERANGE ':' PLUSTART  (79)

	STR  shift 1
	INT  shift 2
	DEC  shift 3
	LONG  shift 4
	IMG  shift 5
	VAR  shift 50
	MENOS  shift 8
	MAS  shift 9
	'['  shift 11
	"NOT"  shift 12
	"TRUE"  shift 13
	"FALSE"  shift 14
	'('  shift 15
	"RANGE"  shift 17
	.  error

	NEWNUMBER  goto 33
	OPESTA  goto 34
	NUMBER  goto 35
	DERANGE  goto 61
	EXPRESSION  goto 52
	RANGE  goto 53
	LIST  goto 38
	CALLSITO  goto 39
	MATRIX  goto 40
	MATRIXCALL  goto 41
	LISTCALL  goto 42
	NUMBEROP  goto 43
	FUNCTION  goto 44


state 21
	PRINT : "PRINT" . '(' DERANGE CICLIKRANGE ')' END  (83)

	'('  shift 62
	.  error


state 22
	DEFF : "DEF" . FUNCTION ':' MULTISTART RETU  (86)

	VAR  shift 63
	.  error

	FUNCTION  goto 64


23: shift/reduce conflict (shift 65, reduce 16) on error
23: shift/reduce conflict (shift 1, reduce 16) on STR
23: shift/reduce conflict (shift 2, reduce 16) on INT
23: shift/reduce conflict (shift 3, reduce 16) on DEC
23: shift/reduce conflict (shift 4, reduce 16) on LONG
23: shift/reduce conflict (shift 5, reduce 16) on IMG
23: shift/reduce conflict (shift 6, reduce 16) on VAR
23: shift/reduce conflict (shift 7, reduce 16) on SALTO
23: shift/reduce conflict (shift 8, reduce 16) on MENOS
23: shift/reduce conflict (shift 9, reduce 16) on MAS
23: shift/reduce conflict (shift 10, reduce 16) on "PASS"
23: shift/reduce conflict (shift 11, reduce 16) on '['
23: shift/reduce conflict (shift 12, reduce 16) on "NOT"
23: shift/reduce conflict (shift 13, reduce 16) on "TRUE"
23: shift/reduce conflict (shift 14, reduce 16) on "FALSE"
23: shift/reduce conflict (shift 15, reduce 16) on '('
23: shift/reduce conflict (shift 16, reduce 16) on "IMPORT"
23: shift/reduce conflict (shift 17, reduce 16) on "RANGE"
23: shift/reduce conflict (shift 18, reduce 16) on "IF"
23: shift/reduce conflict (shift 19, reduce 16) on "FOR"
23: shift/reduce conflict (shift 20, reduce 16) on "WHILE"
23: shift/reduce conflict (shift 21, reduce 16) on "PRINT"
23: shift/reduce conflict (shift 22, reduce 16) on "DEF"
state 23
	$accept : START . $end  (0)
	START : START . MULTISTART  (2)
	START : START . error  (3)
	MULTISTART : .  (16)

	$end  accept
	error  shift 65
	STR  shift 1
	INT  shift 2
	DEC  shift 3
	LONG  shift 4
	IMG  shift 5
	VAR  shift 6
	SALTO  shift 7
	MENOS  shift 8
	MAS  shift 9
	"PASS"  shift 10
	'['  shift 11
	"NOT"  shift 12
	"TRUE"  shift 13
	"FALSE"  shift 14
	'('  shift 15
	"IMPORT"  shift 16
	"RANGE"  shift 17
	"IF"  shift 18
	"FOR"  shift 19
	"WHILE"  shift 20
	"PRINT"  shift 21
	"DEF"  shift 22
	$end  reduce 16

	MULTISTART  goto 66
	DECLARACION  goto 25
	IMPORT  goto 26
	DEFF  goto 27
	PRINT  goto 28
	WHILEE  goto 29
	FO  goto 30
	DERAGEX  goto 31
	IFF  goto 32
	NEWNUMBER  goto 33
	OPESTA  goto 34
	NUMBER  goto 35
	EXPRESSION  goto 36
	RANGE  goto 37
	LIST  goto 38
	CALLSITO  goto 39
	MATRIX  goto 40
	MATRIXCALL  goto 41
	LISTCALL  goto 42
	NUMBEROP  goto 43
	FUNCTION  goto 44


24: reduce/reduce conflict (reduce 1, reduce 16) on $end
24: reduce/reduce conflict (reduce 1, reduce 16) on error
24: shift/reduce conflict (shift 1, reduce 1) on STR
24: shift/reduce conflict (shift 1, reduce 16) on STR
24: shift/reduce conflict (shift 2, reduce 1) on INT
24: shift/reduce conflict (shift 2, reduce 16) on INT
24: shift/reduce conflict (shift 3, reduce 1) on DEC
24: shift/reduce conflict (shift 3, reduce 16) on DEC
24: shift/reduce conflict (shift 4, reduce 1) on LONG
24: shift/reduce conflict (shift 4, reduce 16) on LONG
24: shift/reduce conflict (shift 5, reduce 1) on IMG
24: shift/reduce conflict (shift 5, reduce 16) on IMG
24: shift/reduce conflict (shift 6, reduce 1) on VAR
24: shift/reduce conflict (shift 6, reduce 16) on VAR
24: shift/reduce conflict (shift 7, reduce 1) on SALTO
24: shift/reduce conflict (shift 7, reduce 16) on SALTO
24: shift/reduce conflict (shift 8, reduce 1) on MENOS
24: shift/reduce conflict (shift 8, reduce 16) on MENOS
24: shift/reduce conflict (shift 9, reduce 1) on MAS
24: shift/reduce conflict (shift 9, reduce 16) on MAS
24: shift/reduce conflict (shift 10, reduce 1) on "PASS"
24: shift/reduce conflict (shift 10, reduce 16) on "PASS"
24: shift/reduce conflict (shift 11, reduce 1) on '['
24: shift/reduce conflict (shift 11, reduce 16) on '['
24: shift/reduce conflict (shift 12, reduce 1) on "NOT"
24: shift/reduce conflict (shift 12, reduce 16) on "NOT"
24: shift/reduce conflict (shift 13, reduce 1) on "TRUE"
24: shift/reduce conflict (shift 13, reduce 16) on "TRUE"
24: shift/reduce conflict (shift 14, reduce 1) on "FALSE"
24: shift/reduce conflict (shift 14, reduce 16) on "FALSE"
24: shift/reduce conflict (shift 15, reduce 1) on '('
24: shift/reduce conflict (shift 15, reduce 16) on '('
24: shift/reduce conflict (shift 16, reduce 1) on "IMPORT"
24: shift/reduce conflict (shift 16, reduce 16) on "IMPORT"
24: shift/reduce conflict (shift 17, reduce 1) on "RANGE"
24: shift/reduce conflict (shift 17, reduce 16) on "RANGE"
24: shift/reduce conflict (shift 18, reduce 1) on "IF"
24: shift/reduce conflict (shift 18, reduce 16) on "IF"
24: shift/reduce conflict (shift 19, reduce 1) on "FOR"
24: shift/reduce conflict (shift 19, reduce 16) on "FOR"
24: shift/reduce conflict (shift 20, reduce 1) on "WHILE"
24: shift/reduce conflict (shift 20, reduce 16) on "WHILE"
24: shift/reduce conflict (shift 21, reduce 1) on "PRINT"
24: shift/reduce conflict (shift 21, reduce 16) on "PRINT"
24: shift/reduce conflict (shift 22, reduce 1) on "DEF"
24: shift/reduce conflict (shift 22, reduce 16) on "DEF"
state 24
	START : MULTISTART .  (1)
	MULTISTART : MULTISTART . MULTISTART  (15)
	MULTISTART : .  (16)

	STR  shift 1
	INT  shift 2
	DEC  shift 3
	LONG  shift 4
	IMG  shift 5
	VAR  shift 6
	SALTO  shift 7
	MENOS  shift 8
	MAS  shift 9
	"PASS"  shift 10
	'['  shift 11
	"NOT"  shift 12
	"TRUE"  shift 13
	"FALSE"  shift 14
	'('  shift 15
	"IMPORT"  shift 16
	"RANGE"  shift 17
	"IF"  shift 18
	"FOR"  shift 19
	"WHILE"  shift 20
	"PRINT"  shift 21
	"DEF"  shift 22
	$end  reduce 1
	error  reduce 1

	MULTISTART  goto 67
	DECLARACION  goto 25
	IMPORT  goto 26
	DEFF  goto 27
	PRINT  goto 28
	WHILEE  goto 29
	FO  goto 30
	DERAGEX  goto 31
	IFF  goto 32
	NEWNUMBER  goto 33
	OPESTA  goto 34
	NUMBER  goto 35
	EXPRESSION  goto 36
	RANGE  goto 37
	LIST  goto 38
	CALLSITO  goto 39
	MATRIX  goto 40
	MATRIXCALL  goto 41
	LISTCALL  goto 42
	NUMBEROP  goto 43
	FUNCTION  goto 44


state 25
	MULTISTART : DECLARACION .  (6)

	.  reduce 6


state 26
	MULTISTART : IMPORT .  (7)

	.  reduce 7


state 27
	MULTISTART : DEFF .  (8)

	.  reduce 8


state 28
	MULTISTART : PRINT .  (9)

	.  reduce 9


state 29
	MULTISTART : WHILEE .  (10)

	.  reduce 10


state 30
	MULTISTART : FO .  (11)

	.  reduce 11


state 31
	MULTISTART : DERAGEX .  (12)

	.  reduce 12


state 32
	MULTISTART : IFF .  (13)

	.  reduce 13


state 33
	NUMBEROP : NEWNUMBER .  (48)

	.  reduce 48


state 34
	NEWNUMBER : OPESTA . NUMBER  (17)

	INT  shift 2
	DEC  shift 3
	LONG  shift 4
	IMG  shift 5
	.  error

	NUMBER  goto 68


state 35
	NEWNUMBER : NUMBER .  (18)

	.  reduce 18


state 36
	DERAGEX : EXPRESSION . END  (30)
	END : .  (90)

	';'  shift 69
	$end  reduce 90
	error  reduce 90
	STR  reduce 90
	INT  reduce 90
	DEC  reduce 90
	LONG  reduce 90
	IMG  reduce 90
	VAR  reduce 90
	SALTO  reduce 90
	MENOS  reduce 90
	MAS  reduce 90
	"PASS"  reduce 90
	'['  reduce 90
	"NOT"  reduce 90
	"TRUE"  reduce 90
	"FALSE"  reduce 90
	'('  reduce 90
	"IMPORT"  reduce 90
	"RANGE"  reduce 90
	"IF"  reduce 90
	"ELIF"  reduce 90
	"ELSE"  reduce 90
	"FOR"  reduce 90
	"WHILE"  reduce 90
	"PRINT"  reduce 90
	"DEF"  reduce 90
	"RETURN"  reduce 90

	END  goto 70


state 37
	DERAGEX : RANGE . END  (31)
	END : .  (90)

	';'  shift 69
	$end  reduce 90
	error  reduce 90
	STR  reduce 90
	INT  reduce 90
	DEC  reduce 90
	LONG  reduce 90
	IMG  reduce 90
	VAR  reduce 90
	SALTO  reduce 90
	MENOS  reduce 90
	MAS  reduce 90
	"PASS"  reduce 90
	'['  reduce 90
	"NOT"  reduce 90
	"TRUE"  reduce 90
	"FALSE"  reduce 90
	'('  reduce 90
	"IMPORT"  reduce 90
	"RANGE"  reduce 90
	"IF"  reduce 90
	"ELIF"  reduce 90
	"ELSE"  reduce 90
	"FOR"  reduce 90
	"WHILE"  reduce 90
	"PRINT"  reduce 90
	"DEF"  reduce 90
	"RETURN"  reduce 90

	END  goto 71


38: shift/reduce conflict (shift 11, reduce 33) on '['
state 38
	EXPRESSION : LIST .  (33)
	MATRIX : LIST . LIST  (45)

	'['  shift 11
	$end  reduce 33
	error  reduce 33
	STR  reduce 33
	INT  reduce 33
	DEC  reduce 33
	LONG  reduce 33
	IMG  reduce 33
	VAR  reduce 33
	SALTO  reduce 33
	MENOS  reduce 33
	MAS  reduce 33
	"PASS"  reduce 33
	','  reduce 33
	']'  reduce 33
	"NOT"  reduce 33
	"TRUE"  reduce 33
	"FALSE"  reduce 33
	'('  reduce 33
	')'  reduce 33
	"IMPORT"  reduce 33
	"RANGE"  reduce 33
	"IF"  reduce 33
	':'  reduce 33
	"ELIF"  reduce 33
	"ELSE"  reduce 33
	"FOR"  reduce 33
	"WHILE"  reduce 33
	"PRINT"  reduce 33
	"DEF"  reduce 33
	"RETURN"  reduce 33
	';'  reduce 33

	LIST  goto 72


state 39
	EXPRESSION : CALLSITO .  (34)

	.  reduce 34


state 40
	EXPRESSION : MATRIX .  (35)

	.  reduce 35


state 41
	EXPRESSION : MATRIXCALL .  (36)

	.  reduce 36


state 42
	CALLSITO : LISTCALL .  (39)

	.  reduce 39


43: shift/reduce conflict (shift 8, reduce 38) on MENOS
43: shift/reduce conflict (shift 9, reduce 38) on MAS
state 43
	CALLSITO : NUMBEROP .  (38)
	NUMBEROP : NUMBEROP . OPERATION NUMBEROP  (46)

	OPAL  shift 73
	COMP  shift 74
	MULT  shift 75
	MENOS  shift 8
	MAS  shift 9
	"IS"  shift 76
	"AND"  shift 77
	"OR"  shift 78
	$end  reduce 38
	error  reduce 38
	STR  reduce 38
	INT  reduce 38
	DEC  reduce 38
	LONG  reduce 38
	IMG  reduce 38
	VAR  reduce 38
	SALTO  reduce 38
	"PASS"  reduce 38
	','  reduce 38
	'['  reduce 38
	']'  reduce 38
	"NOT"  reduce 38
	"TRUE"  reduce 38
	"FALSE"  reduce 38
	'('  reduce 38
	')'  reduce 38
	"IMPORT"  reduce 38
	"RANGE"  reduce 38
	"IF"  reduce 38
	':'  reduce 38
	"ELIF"  reduce 38
	"ELSE"  reduce 38
	"FOR"  reduce 38
	"WHILE"  reduce 38
	"PRINT"  reduce 38
	"DEF"  reduce 38
	"RETURN"  reduce 38
	';'  reduce 38

	OPESTA  goto 79
	OPERATION  goto 80
	OPBOL  goto 81


state 44
	CALLSITO : FUNCTION .  (40)

	.  reduce 40


state 45
	DECLA : OPASS .  (27)

	.  reduce 27


state 46
	DECLA : ',' . VAR DECLA DERANGE ','  (26)

	VAR  shift 82
	.  error


state 47
	LISTCALL : VAR '[' . CALLSITO ']'  (37)
	MATRIXCALL : VAR '[' . CALLSITO ']' '[' CALLSITO ']'  (41)

	INT  shift 2
	DEC  shift 3
	LONG  shift 4
	IMG  shift 5
	VAR  shift 83
	MENOS  shift 8
	MAS  shift 9
	"NOT"  shift 12
	"TRUE"  shift 13
	"FALSE"  shift 14
	'('  shift 15
	.  error

	NEWNUMBER  goto 33
	OPESTA  goto 34
	NUMBER  goto 35
	CALLSITO  goto 84
	LISTCALL  goto 42
	NUMBEROP  goto 43
	FUNCTION  goto 44


state 48
	FUNCTION : VAR '(' . DERANGE FU ')'  (61)

	STR  shift 1
	INT  shift 2
	DEC  shift 3
	LONG  shift 4
	IMG  shift 5
	VAR  shift 50
	MENOS  shift 8
	MAS  shift 9
	'['  shift 11
	"NOT"  shift 12
	"TRUE"  shift 13
	"FALSE"  shift 14
	'('  shift 15
	"RANGE"  shift 17
	.  error

	NEWNUMBER  goto 33
	OPESTA  goto 34
	NUMBER  goto 35
	DERANGE  goto 85
	EXPRESSION  goto 52
	RANGE  goto 53
	LIST  goto 38
	CALLSITO  goto 39
	MATRIX  goto 40
	MATRIXCALL  goto 41
	LISTCALL  goto 42
	NUMBEROP  goto 43
	FUNCTION  goto 44


state 49
	DECLARACION : VAR DECLA . DERANGE END  (25)

	STR  shift 1
	INT  shift 2
	DEC  shift 3
	LONG  shift 4
	IMG  shift 5
	VAR  shift 50
	MENOS  shift 8
	MAS  shift 9
	'['  shift 11
	"NOT"  shift 12
	"TRUE"  shift 13
	"FALSE"  shift 14
	'('  shift 15
	"RANGE"  shift 17
	.  error

	NEWNUMBER  goto 33
	OPESTA  goto 34
	NUMBER  goto 35
	DERANGE  goto 86
	EXPRESSION  goto 52
	RANGE  goto 53
	LIST  goto 38
	CALLSITO  goto 39
	MATRIX  goto 40
	MATRIXCALL  goto 41
	LISTCALL  goto 42
	NUMBEROP  goto 43
	FUNCTION  goto 44


50: shift/reduce conflict (shift 47, reduce 49) on '['
50: shift/reduce conflict (shift 48, reduce 49) on '('
state 50
	LISTCALL : VAR . '[' CALLSITO ']'  (37)
	MATRIXCALL : VAR . '[' CALLSITO ']' '[' CALLSITO ']'  (41)
	NUMBEROP : VAR .  (49)
	FUNCTION : VAR . '(' DERANGE FU ')'  (61)

	'['  shift 47
	'('  shift 48
	$end  reduce 49
	error  reduce 49
	OPAL  reduce 49
	COMP  reduce 49
	STR  reduce 49
	INT  reduce 49
	DEC  reduce 49
	LONG  reduce 49
	IMG  reduce 49
	VAR  reduce 49
	SALTO  reduce 49
	MULT  reduce 49
	MENOS  reduce 49
	MAS  reduce 49
	"PASS"  reduce 49
	','  reduce 49
	']'  reduce 49
	"NOT"  reduce 49
	"TRUE"  reduce 49
	"FALSE"  reduce 49
	')'  reduce 49
	"IS"  reduce 49
	"AND"  reduce 49
	"OR"  reduce 49
	"IMPORT"  reduce 49
	"RANGE"  reduce 49
	"IF"  reduce 49
	':'  reduce 49
	"ELIF"  reduce 49
	"ELSE"  reduce 49
	"FOR"  reduce 49
	"WHILE"  reduce 49
	"PRINT"  reduce 49
	"DEF"  reduce 49
	"RETURN"  reduce 49
	';'  reduce 49


state 51
	LIST : '[' DERANGE . LI ']'  (42)
	LI : .  (44)

	','  shift 87
	']'  reduce 44

	LI  goto 88


state 52
	DERANGE : EXPRESSION .  (28)

	.  reduce 28


state 53
	DERANGE : RANGE .  (29)

	.  reduce 29


state 54
	NUMBEROP : VAR .  (49)

	.  reduce 49


55: shift/reduce conflict (shift 73, reduce 47) on OPAL
55: shift/reduce conflict (shift 74, reduce 47) on COMP
55: shift/reduce conflict (shift 75, reduce 47) on MULT
55: shift/reduce conflict (shift 8, reduce 47) on MENOS
55: shift/reduce conflict (shift 9, reduce 47) on MAS
55: shift/reduce conflict (shift 76, reduce 47) on "IS"
55: shift/reduce conflict (shift 77, reduce 47) on "AND"
55: shift/reduce conflict (shift 78, reduce 47) on "OR"
state 55
	NUMBEROP : NUMBEROP . OPERATION NUMBEROP  (46)
	NUMBEROP : "NOT" NUMBEROP .  (47)

	OPAL  shift 73
	COMP  shift 74
	MULT  shift 75
	MENOS  shift 8
	MAS  shift 9
	"IS"  shift 76
	"AND"  shift 77
	"OR"  shift 78
	$end  reduce 47
	error  reduce 47
	STR  reduce 47
	INT  reduce 47
	DEC  reduce 47
	LONG  reduce 47
	IMG  reduce 47
	VAR  reduce 47
	SALTO  reduce 47
	"PASS"  reduce 47
	','  reduce 47
	'['  reduce 47
	']'  reduce 47
	"NOT"  reduce 47
	"TRUE"  reduce 47
	"FALSE"  reduce 47
	'('  reduce 47
	')'  reduce 47
	"IMPORT"  reduce 47
	"RANGE"  reduce 47
	"IF"  reduce 47
	':'  reduce 47
	"ELIF"  reduce 47
	"ELSE"  reduce 47
	"FOR"  reduce 47
	"WHILE"  reduce 47
	"PRINT"  reduce 47
	"DEF"  reduce 47
	"RETURN"  reduce 47
	';'  reduce 47

	OPESTA  goto 79
	OPERATION  goto 80
	OPBOL  goto 81


state 56
	NUMBEROP : NUMBEROP . OPERATION NUMBEROP  (46)
	NUMBEROP : '(' NUMBEROP . ')'  (52)

	OPAL  shift 73
	COMP  shift 74
	MULT  shift 75
	MENOS  shift 8
	MAS  shift 9
	')'  shift 89
	"IS"  shift 76
	"AND"  shift 77
	"OR"  shift 78
	.  error

	OPESTA  goto 79
	OPERATION  goto 80
	OPBOL  goto 81


state 57
	IMPORT : "IMPORT" VAR . END  (64)
	END : .  (90)

	';'  shift 69
	$end  reduce 90
	error  reduce 90
	STR  reduce 90
	INT  reduce 90
	DEC  reduce 90
	LONG  reduce 90
	IMG  reduce 90
	VAR  reduce 90
	SALTO  reduce 90
	MENOS  reduce 90
	MAS  reduce 90
	"PASS"  reduce 90
	'['  reduce 90
	"NOT"  reduce 90
	"TRUE"  reduce 90
	"FALSE"  reduce 90
	'('  reduce 90
	"IMPORT"  reduce 90
	"RANGE"  reduce 90
	"IF"  reduce 90
	"ELIF"  reduce 90
	"ELSE"  reduce 90
	"FOR"  reduce 90
	"WHILE"  reduce 90
	"PRINT"  reduce 90
	"DEF"  reduce 90
	"RETURN"  reduce 90

	END  goto 90


state 58
	RANGE : "RANGE" '(' . RANG ')'  (65)

	STR  shift 1
	INT  shift 2
	DEC  shift 3
	LONG  shift 4
	IMG  shift 5
	VAR  shift 50
	MENOS  shift 8
	MAS  shift 9
	'['  shift 11
	"NOT"  shift 12
	"TRUE"  shift 13
	"FALSE"  shift 14
	'('  shift 15
	.  error

	NEWNUMBER  goto 33
	OPESTA  goto 34
	NUMBER  goto 35
	EXPRESSION  goto 91
	LIST  goto 38
	CALLSITO  goto 39
	MATRIX  goto 40
	MATRIXCALL  goto 41
	LISTCALL  goto 42
	NUMBEROP  goto 43
	FUNCTION  goto 44
	RANG  goto 92


state 59
	IFF : "IF" DERANGE . ':' PLUSTART ELIF ELSE  (68)

	':'  shift 93
	.  error


state 60
	FO : "FOR" VAR . "IN" FORIMP ':' PLUSTART  (73)

	"IN"  shift 94
	.  error


state 61
	WHILEE : "WHILE" DERANGE . ':' PLUSTART  (79)

	':'  shift 95
	.  error


state 62
	PRINT : "PRINT" '(' . DERANGE CICLIKRANGE ')' END  (83)

	STR  shift 1
	INT  shift 2
	DEC  shift 3
	LONG  shift 4
	IMG  shift 5
	VAR  shift 50
	MENOS  shift 8
	MAS  shift 9
	'['  shift 11
	"NOT"  shift 12
	"TRUE"  shift 13
	"FALSE"  shift 14
	'('  shift 15
	"RANGE"  shift 17
	.  error

	NEWNUMBER  goto 33
	OPESTA  goto 34
	NUMBER  goto 35
	DERANGE  goto 96
	EXPRESSION  goto 52
	RANGE  goto 53
	LIST  goto 38
	CALLSITO  goto 39
	MATRIX  goto 40
	MATRIXCALL  goto 41
	LISTCALL  goto 42
	NUMBEROP  goto 43
	FUNCTION  goto 44


state 63
	FUNCTION : VAR . '(' DERANGE FU ')'  (61)

	'('  shift 48
	.  error


state 64
	DEFF : "DEF" FUNCTION . ':' MULTISTART RETU  (86)

	':'  shift 97
	.  error


state 65
	START : START error .  (3)

	.  reduce 3


66: reduce/reduce conflict (reduce 2, reduce 16) on $end
66: reduce/reduce conflict (reduce 2, reduce 16) on error
66: shift/reduce conflict (shift 1, reduce 2) on STR
66: shift/reduce conflict (shift 1, reduce 16) on STR
66: shift/reduce conflict (shift 2, reduce 2) on INT
66: shift/reduce conflict (shift 2, reduce 16) on INT
66: shift/reduce conflict (shift 3, reduce 2) on DEC
66: shift/reduce conflict (shift 3, reduce 16) on DEC
66: shift/reduce conflict (shift 4, reduce 2) on LONG
66: shift/reduce conflict (shift 4, reduce 16) on LONG
66: shift/reduce conflict (shift 5, reduce 2) on IMG
66: shift/reduce conflict (shift 5, reduce 16) on IMG
66: shift/reduce conflict (shift 6, reduce 2) on VAR
66: shift/reduce conflict (shift 6, reduce 16) on VAR
66: shift/reduce conflict (shift 7, reduce 2) on SALTO
66: shift/reduce conflict (shift 7, reduce 16) on SALTO
66: shift/reduce conflict (shift 8, reduce 2) on MENOS
66: shift/reduce conflict (shift 8, reduce 16) on MENOS
66: shift/reduce conflict (shift 9, reduce 2) on MAS
66: shift/reduce conflict (shift 9, reduce 16) on MAS
66: shift/reduce conflict (shift 10, reduce 2) on "PASS"
66: shift/reduce conflict (shift 10, reduce 16) on "PASS"
66: shift/reduce conflict (shift 11, reduce 2) on '['
66: shift/reduce conflict (shift 11, reduce 16) on '['
66: shift/reduce conflict (shift 12, reduce 2) on "NOT"
66: shift/reduce conflict (shift 12, reduce 16) on "NOT"
66: shift/reduce conflict (shift 13, reduce 2) on "TRUE"
66: shift/reduce conflict (shift 13, reduce 16) on "TRUE"
66: shift/reduce conflict (shift 14, reduce 2) on "FALSE"
66: shift/reduce conflict (shift 14, reduce 16) on "FALSE"
66: shift/reduce conflict (shift 15, reduce 2) on '('
66: shift/reduce conflict (shift 15, reduce 16) on '('
66: shift/reduce conflict (shift 16, reduce 2) on "IMPORT"
66: shift/reduce conflict (shift 16, reduce 16) on "IMPORT"
66: shift/reduce conflict (shift 17, reduce 2) on "RANGE"
66: shift/reduce conflict (shift 17, reduce 16) on "RANGE"
66: shift/reduce conflict (shift 18, reduce 2) on "IF"
66: shift/reduce conflict (shift 18, reduce 16) on "IF"
66: shift/reduce conflict (shift 19, reduce 2) on "FOR"
66: shift/reduce conflict (shift 19, reduce 16) on "FOR"
66: shift/reduce conflict (shift 20, reduce 2) on "WHILE"
66: shift/reduce conflict (shift 20, reduce 16) on "WHILE"
66: shift/reduce conflict (shift 21, reduce 2) on "PRINT"
66: shift/reduce conflict (shift 21, reduce 16) on "PRINT"
66: shift/reduce conflict (shift 22, reduce 2) on "DEF"
66: shift/reduce conflict (shift 22, reduce 16) on "DEF"
state 66
	START : START MULTISTART .  (2)
	MULTISTART : MULTISTART . MULTISTART  (15)
	MULTISTART : .  (16)

	STR  shift 1
	INT  shift 2
	DEC  shift 3
	LONG  shift 4
	IMG  shift 5
	VAR  shift 6
	SALTO  shift 7
	MENOS  shift 8
	MAS  shift 9
	"PASS"  shift 10
	'['  shift 11
	"NOT"  shift 12
	"TRUE"  shift 13
	"FALSE"  shift 14
	'('  shift 15
	"IMPORT"  shift 16
	"RANGE"  shift 17
	"IF"  shift 18
	"FOR"  shift 19
	"WHILE"  shift 20
	"PRINT"  shift 21
	"DEF"  shift 22
	$end  reduce 2
	error  reduce 2

	MULTISTART  goto 67
	DECLARACION  goto 25
	IMPORT  goto 26
	DEFF  goto 27
	PRINT  goto 28
	WHILEE  goto 29
	FO  goto 30
	DERAGEX  goto 31
	IFF  goto 32
	NEWNUMBER  goto 33
	OPESTA  goto 34
	NUMBER  goto 35
	EXPRESSION  goto 36
	RANGE  goto 37
	LIST  goto 38
	CALLSITO  goto 39
	MATRIX  goto 40
	MATRIXCALL  goto 41
	LISTCALL  goto 42
	NUMBEROP  goto 43
	FUNCTION  goto 44


67: reduce/reduce conflict (reduce 15, reduce 16) on $end
67: reduce/reduce conflict (reduce 15, reduce 16) on error
67: shift/reduce conflict (shift 1, reduce 15) on STR
67: shift/reduce conflict (shift 1, reduce 16) on STR
67: shift/reduce conflict (shift 2, reduce 15) on INT
67: shift/reduce conflict (shift 2, reduce 16) on INT
67: shift/reduce conflict (shift 3, reduce 15) on DEC
67: shift/reduce conflict (shift 3, reduce 16) on DEC
67: shift/reduce conflict (shift 4, reduce 15) on LONG
67: shift/reduce conflict (shift 4, reduce 16) on LONG
67: shift/reduce conflict (shift 5, reduce 15) on IMG
67: shift/reduce conflict (shift 5, reduce 16) on IMG
67: shift/reduce conflict (shift 6, reduce 15) on VAR
67: shift/reduce conflict (shift 6, reduce 16) on VAR
67: shift/reduce conflict (shift 7, reduce 15) on SALTO
67: shift/reduce conflict (shift 7, reduce 16) on SALTO
67: shift/reduce conflict (shift 8, reduce 15) on MENOS
67: shift/reduce conflict (shift 8, reduce 16) on MENOS
67: shift/reduce conflict (shift 9, reduce 15) on MAS
67: shift/reduce conflict (shift 9, reduce 16) on MAS
67: shift/reduce conflict (shift 10, reduce 15) on "PASS"
67: shift/reduce conflict (shift 10, reduce 16) on "PASS"
67: shift/reduce conflict (shift 11, reduce 15) on '['
67: shift/reduce conflict (shift 11, reduce 16) on '['
67: shift/reduce conflict (shift 12, reduce 15) on "NOT"
67: shift/reduce conflict (shift 12, reduce 16) on "NOT"
67: shift/reduce conflict (shift 13, reduce 15) on "TRUE"
67: shift/reduce conflict (shift 13, reduce 16) on "TRUE"
67: shift/reduce conflict (shift 14, reduce 15) on "FALSE"
67: shift/reduce conflict (shift 14, reduce 16) on "FALSE"
67: shift/reduce conflict (shift 15, reduce 15) on '('
67: shift/reduce conflict (shift 15, reduce 16) on '('
67: shift/reduce conflict (shift 16, reduce 15) on "IMPORT"
67: shift/reduce conflict (shift 16, reduce 16) on "IMPORT"
67: shift/reduce conflict (shift 17, reduce 15) on "RANGE"
67: shift/reduce conflict (shift 17, reduce 16) on "RANGE"
67: shift/reduce conflict (shift 18, reduce 15) on "IF"
67: shift/reduce conflict (shift 18, reduce 16) on "IF"
67: reduce/reduce conflict (reduce 15, reduce 16) on "ELIF"
67: reduce/reduce conflict (reduce 15, reduce 16) on "ELSE"
67: shift/reduce conflict (shift 19, reduce 15) on "FOR"
67: shift/reduce conflict (shift 19, reduce 16) on "FOR"
67: shift/reduce conflict (shift 20, reduce 15) on "WHILE"
67: shift/reduce conflict (shift 20, reduce 16) on "WHILE"
67: shift/reduce conflict (shift 21, reduce 15) on "PRINT"
67: shift/reduce conflict (shift 21, reduce 16) on "PRINT"
67: shift/reduce conflict (shift 22, reduce 15) on "DEF"
67: shift/reduce conflict (shift 22, reduce 16) on "DEF"
67: reduce/reduce conflict (reduce 15, reduce 16) on "RETURN"
state 67
	MULTISTART : MULTISTART . MULTISTART  (15)
	MULTISTART : MULTISTART MULTISTART .  (15)
	MULTISTART : .  (16)

	STR  shift 1
	INT  shift 2
	DEC  shift 3
	LONG  shift 4
	IMG  shift 5
	VAR  shift 6
	SALTO  shift 7
	MENOS  shift 8
	MAS  shift 9
	"PASS"  shift 10
	'['  shift 11
	"NOT"  shift 12
	"TRUE"  shift 13
	"FALSE"  shift 14
	'('  shift 15
	"IMPORT"  shift 16
	"RANGE"  shift 17
	"IF"  shift 18
	"FOR"  shift 19
	"WHILE"  shift 20
	"PRINT"  shift 21
	"DEF"  shift 22
	$end  reduce 15
	error  reduce 15
	"ELIF"  reduce 15
	"ELSE"  reduce 15
	"RETURN"  reduce 15

	MULTISTART  goto 67
	DECLARACION  goto 25
	IMPORT  goto 26
	DEFF  goto 27
	PRINT  goto 28
	WHILEE  goto 29
	FO  goto 30
	DERAGEX  goto 31
	IFF  goto 32
	NEWNUMBER  goto 33
	OPESTA  goto 34
	NUMBER  goto 35
	EXPRESSION  goto 36
	RANGE  goto 37
	LIST  goto 38
	CALLSITO  goto 39
	MATRIX  goto 40
	MATRIXCALL  goto 41
	LISTCALL  goto 42
	NUMBEROP  goto 43
	FUNCTION  goto 44


state 68
	NEWNUMBER : OPESTA NUMBER .  (17)

	.  reduce 17


state 69
	END : ';' .  (89)

	.  reduce 89


state 70
	DERAGEX : EXPRESSION END .  (30)

	.  reduce 30


state 71
	DERAGEX : RANGE END .  (31)

	.  reduce 31


state 72
	MATRIX : LIST LIST .  (45)

	.  reduce 45


state 73
	OPERATION : OPAL .  (53)

	.  reduce 53


state 74
	OPERATION : COMP .  (56)

	.  reduce 56


state 75
	OPERATION : MULT .  (55)

	.  reduce 55


state 76
	OPBOL : "IS" .  (58)

	.  reduce 58


state 77
	OPBOL : "AND" .  (59)

	.  reduce 59


state 78
	OPBOL : "OR" .  (60)

	.  reduce 60


state 79
	OPERATION : OPESTA .  (54)

	.  reduce 54


state 80
	NUMBEROP : NUMBEROP OPERATION . NUMBEROP  (46)

	INT  shift 2
	DEC  shift 3
	LONG  shift 4
	IMG  shift 5
	VAR  shift 54
	MENOS  shift 8
	MAS  shift 9
	"NOT"  shift 12
	"TRUE"  shift 13
	"FALSE"  shift 14
	'('  shift 15
	.  error

	NEWNUMBER  goto 33
	OPESTA  goto 34
	NUMBER  goto 35
	NUMBEROP  goto 98


state 81
	OPERATION : OPBOL .  (57)

	.  reduce 57


state 82
	DECLA : ',' VAR . DECLA DERANGE ','  (26)

	OPASS  shift 45
	','  shift 46
	.  error

	DECLA  goto 99


state 83
	LISTCALL : VAR . '[' CALLSITO ']'  (37)
	NUMBEROP : VAR .  (49)
	FUNCTION : VAR . '(' DERANGE FU ')'  (61)

	'['  shift 100
	'('  shift 48
	OPAL  reduce 49
	COMP  reduce 49
	MULT  reduce 49
	MENOS  reduce 49
	MAS  reduce 49
	']'  reduce 49
	"IS"  reduce 49
	"AND"  reduce 49
	"OR"  reduce 49


state 84
	LISTCALL : VAR '[' CALLSITO . ']'  (37)
	MATRIXCALL : VAR '[' CALLSITO . ']' '[' CALLSITO ']'  (41)

	']'  shift 101
	.  error


state 85
	FUNCTION : VAR '(' DERANGE . FU ')'  (61)
	FU : .  (63)

	','  shift 102
	')'  reduce 63

	FU  goto 103


state 86
	DECLARACION : VAR DECLA DERANGE . END  (25)
	END : .  (90)

	';'  shift 69
	$end  reduce 90
	error  reduce 90
	STR  reduce 90
	INT  reduce 90
	DEC  reduce 90
	LONG  reduce 90
	IMG  reduce 90
	VAR  reduce 90
	SALTO  reduce 90
	MENOS  reduce 90
	MAS  reduce 90
	"PASS"  reduce 90
	'['  reduce 90
	"NOT"  reduce 90
	"TRUE"  reduce 90
	"FALSE"  reduce 90
	'('  reduce 90
	"IMPORT"  reduce 90
	"RANGE"  reduce 90
	"IF"  reduce 90
	"ELIF"  reduce 90
	"ELSE"  reduce 90
	"FOR"  reduce 90
	"WHILE"  reduce 90
	"PRINT"  reduce 90
	"DEF"  reduce 90
	"RETURN"  reduce 90

	END  goto 104


state 87
	LI : ',' . DERANGE LI  (43)

	STR  shift 1
	INT  shift 2
	DEC  shift 3
	LONG  shift 4
	IMG  shift 5
	VAR  shift 50
	MENOS  shift 8
	MAS  shift 9
	'['  shift 11
	"NOT"  shift 12
	"TRUE"  shift 13
	"FALSE"  shift 14
	'('  shift 15
	"RANGE"  shift 17
	.  error

	NEWNUMBER  goto 33
	OPESTA  goto 34
	NUMBER  goto 35
	DERANGE  goto 105
	EXPRESSION  goto 52
	RANGE  goto 53
	LIST  goto 38
	CALLSITO  goto 39
	MATRIX  goto 40
	MATRIXCALL  goto 41
	LISTCALL  goto 42
	NUMBEROP  goto 43
	FUNCTION  goto 44


state 88
	LIST : '[' DERANGE LI . ']'  (42)

	']'  shift 106
	.  error


state 89
	NUMBEROP : '(' NUMBEROP ')' .  (52)

	.  reduce 52


state 90
	IMPORT : "IMPORT" VAR END .  (64)

	.  reduce 64


state 91
	RANG : EXPRESSION .  (66)
	RANG : EXPRESSION . ',' EXPRESSION  (67)

	','  shift 107
	')'  reduce 66


state 92
	RANGE : "RANGE" '(' RANG . ')'  (65)

	')'  shift 108
	.  error


93: shift/reduce conflict (shift 1, reduce 16) on STR
93: shift/reduce conflict (shift 2, reduce 16) on INT
93: shift/reduce conflict (shift 3, reduce 16) on DEC
93: shift/reduce conflict (shift 4, reduce 16) on LONG
93: shift/reduce conflict (shift 5, reduce 16) on IMG
93: shift/reduce conflict (shift 6, reduce 16) on VAR
93: shift/reduce conflict (shift 7, reduce 16) on SALTO
93: shift/reduce conflict (shift 8, reduce 16) on MENOS
93: shift/reduce conflict (shift 9, reduce 16) on MAS
93: shift/reduce conflict (shift 10, reduce 16) on "PASS"
93: shift/reduce conflict (shift 11, reduce 16) on '['
93: shift/reduce conflict (shift 12, reduce 16) on "NOT"
93: shift/reduce conflict (shift 13, reduce 16) on "TRUE"
93: shift/reduce conflict (shift 14, reduce 16) on "FALSE"
93: shift/reduce conflict (shift 15, reduce 16) on '('
93: shift/reduce conflict (shift 16, reduce 16) on "IMPORT"
93: shift/reduce conflict (shift 17, reduce 16) on "RANGE"
93: shift/reduce conflict (shift 18, reduce 16) on "IF"
93: shift/reduce conflict (shift 19, reduce 16) on "FOR"
93: shift/reduce conflict (shift 20, reduce 16) on "WHILE"
93: shift/reduce conflict (shift 21, reduce 16) on "PRINT"
93: shift/reduce conflict (shift 22, reduce 16) on "DEF"
state 93
	IFF : "IF" DERANGE ':' . PLUSTART ELIF ELSE  (68)
	MULTISTART : .  (16)

	STR  shift 1
	INT  shift 2
	DEC  shift 3
	LONG  shift 4
	IMG  shift 5
	VAR  shift 6
	SALTO  shift 7
	MENOS  shift 8
	MAS  shift 9
	"PASS"  shift 10
	'['  shift 11
	"NOT"  shift 12
	"TRUE"  shift 13
	"FALSE"  shift 14
	'('  shift 15
	"IMPORT"  shift 16
	"RANGE"  shift 17
	"IF"  shift 18
	"FOR"  shift 19
	"WHILE"  shift 20
	"BREAK"  shift 109
	"CONTINUE"  shift 110
	"PRINT"  shift 21
	"DEF"  shift 22
	$end  reduce 16
	error  reduce 16
	"ELIF"  reduce 16
	"ELSE"  reduce 16
	"RETURN"  reduce 16

	MULTISTART  goto 111
	DECLARACION  goto 25
	IMPORT  goto 26
	DEFF  goto 27
	PRINT  goto 28
	WHILEE  goto 29
	FO  goto 30
	DERAGEX  goto 31
	IFF  goto 32
	NEWNUMBER  goto 33
	OPESTA  goto 34
	NUMBER  goto 35
	EXPRESSION  goto 36
	RANGE  goto 37
	LIST  goto 38
	CALLSITO  goto 39
	MATRIX  goto 40
	MATRIXCALL  goto 41
	LISTCALL  goto 42
	NUMBEROP  goto 43
	FUNCTION  goto 44
	PLUSTART  goto 112


state 94
	FO : "FOR" VAR "IN" . FORIMP ':' PLUSTART  (73)

	STR  shift 113
	VAR  shift 114
	'['  shift 11
	"RANGE"  shift 17
	.  error

	RANGE  goto 115
	LIST  goto 116
	LISTCALL  goto 117
	FORIMP  goto 118


95: shift/reduce conflict (shift 1, reduce 16) on STR
95: shift/reduce conflict (shift 2, reduce 16) on INT
95: shift/reduce conflict (shift 3, reduce 16) on DEC
95: shift/reduce conflict (shift 4, reduce 16) on LONG
95: shift/reduce conflict (shift 5, reduce 16) on IMG
95: shift/reduce conflict (shift 6, reduce 16) on VAR
95: shift/reduce conflict (shift 7, reduce 16) on SALTO
95: shift/reduce conflict (shift 8, reduce 16) on MENOS
95: shift/reduce conflict (shift 9, reduce 16) on MAS
95: shift/reduce conflict (shift 10, reduce 16) on "PASS"
95: shift/reduce conflict (shift 11, reduce 16) on '['
95: shift/reduce conflict (shift 12, reduce 16) on "NOT"
95: shift/reduce conflict (shift 13, reduce 16) on "TRUE"
95: shift/reduce conflict (shift 14, reduce 16) on "FALSE"
95: shift/reduce conflict (shift 15, reduce 16) on '('
95: shift/reduce conflict (shift 16, reduce 16) on "IMPORT"
95: shift/reduce conflict (shift 17, reduce 16) on "RANGE"
95: shift/reduce conflict (shift 18, reduce 16) on "IF"
95: shift/reduce conflict (shift 19, reduce 16) on "FOR"
95: shift/reduce conflict (shift 20, reduce 16) on "WHILE"
95: shift/reduce conflict (shift 21, reduce 16) on "PRINT"
95: shift/reduce conflict (shift 22, reduce 16) on "DEF"
state 95
	WHILEE : "WHILE" DERANGE ':' . PLUSTART  (79)
	MULTISTART : .  (16)

	STR  shift 1
	INT  shift 2
	DEC  shift 3
	LONG  shift 4
	IMG  shift 5
	VAR  shift 6
	SALTO  shift 7
	MENOS  shift 8
	MAS  shift 9
	"PASS"  shift 10
	'['  shift 11
	"NOT"  shift 12
	"TRUE"  shift 13
	"FALSE"  shift 14
	'('  shift 15
	"IMPORT"  shift 16
	"RANGE"  shift 17
	"IF"  shift 18
	"FOR"  shift 19
	"WHILE"  shift 20
	"BREAK"  shift 109
	"CONTINUE"  shift 110
	"PRINT"  shift 21
	"DEF"  shift 22
	$end  reduce 16
	error  reduce 16
	"ELIF"  reduce 16
	"ELSE"  reduce 16
	"RETURN"  reduce 16

	MULTISTART  goto 111
	DECLARACION  goto 25
	IMPORT  goto 26
	DEFF  goto 27
	PRINT  goto 28
	WHILEE  goto 29
	FO  goto 30
	DERAGEX  goto 31
	IFF  goto 32
	NEWNUMBER  goto 33
	OPESTA  goto 34
	NUMBER  goto 35
	EXPRESSION  goto 36
	RANGE  goto 37
	LIST  goto 38
	CALLSITO  goto 39
	MATRIX  goto 40
	MATRIXCALL  goto 41
	LISTCALL  goto 42
	NUMBEROP  goto 43
	FUNCTION  goto 44
	PLUSTART  goto 119


state 96
	PRINT : "PRINT" '(' DERANGE . CICLIKRANGE ')' END  (83)
	CICLIKRANGE : .  (85)

	','  shift 120
	')'  reduce 85

	CICLIKRANGE  goto 121


97: shift/reduce conflict (shift 1, reduce 16) on STR
97: shift/reduce conflict (shift 2, reduce 16) on INT
97: shift/reduce conflict (shift 3, reduce 16) on DEC
97: shift/reduce conflict (shift 4, reduce 16) on LONG
97: shift/reduce conflict (shift 5, reduce 16) on IMG
97: shift/reduce conflict (shift 6, reduce 16) on VAR
97: shift/reduce conflict (shift 7, reduce 16) on SALTO
97: shift/reduce conflict (shift 8, reduce 16) on MENOS
97: shift/reduce conflict (shift 9, reduce 16) on MAS
97: shift/reduce conflict (shift 10, reduce 16) on "PASS"
97: shift/reduce conflict (shift 11, reduce 16) on '['
97: shift/reduce conflict (shift 12, reduce 16) on "NOT"
97: shift/reduce conflict (shift 13, reduce 16) on "TRUE"
97: shift/reduce conflict (shift 14, reduce 16) on "FALSE"
97: shift/reduce conflict (shift 15, reduce 16) on '('
97: shift/reduce conflict (shift 16, reduce 16) on "IMPORT"
97: shift/reduce conflict (shift 17, reduce 16) on "RANGE"
97: shift/reduce conflict (shift 18, reduce 16) on "IF"
97: shift/reduce conflict (shift 19, reduce 16) on "FOR"
97: shift/reduce conflict (shift 20, reduce 16) on "WHILE"
97: shift/reduce conflict (shift 21, reduce 16) on "PRINT"
97: shift/reduce conflict (shift 22, reduce 16) on "DEF"
state 97
	DEFF : "DEF" FUNCTION ':' . MULTISTART RETU  (86)
	MULTISTART : .  (16)

	STR  shift 1
	INT  shift 2
	DEC  shift 3
	LONG  shift 4
	IMG  shift 5
	VAR  shift 6
	SALTO  shift 7
	MENOS  shift 8
	MAS  shift 9
	"PASS"  shift 10
	'['  shift 11
	"NOT"  shift 12
	"TRUE"  shift 13
	"FALSE"  shift 14
	'('  shift 15
	"IMPORT"  shift 16
	"RANGE"  shift 17
	"IF"  shift 18
	"FOR"  shift 19
	"WHILE"  shift 20
	"PRINT"  shift 21
	"DEF"  shift 22
	$end  reduce 16
	error  reduce 16
	"ELIF"  reduce 16
	"ELSE"  reduce 16
	"RETURN"  reduce 16

	MULTISTART  goto 122
	DECLARACION  goto 25
	IMPORT  goto 26
	DEFF  goto 27
	PRINT  goto 28
	WHILEE  goto 29
	FO  goto 30
	DERAGEX  goto 31
	IFF  goto 32
	NEWNUMBER  goto 33
	OPESTA  goto 34
	NUMBER  goto 35
	EXPRESSION  goto 36
	RANGE  goto 37
	LIST  goto 38
	CALLSITO  goto 39
	MATRIX  goto 40
	MATRIXCALL  goto 41
	LISTCALL  goto 42
	NUMBEROP  goto 43
	FUNCTION  goto 44


98: shift/reduce conflict (shift 73, reduce 46) on OPAL
98: shift/reduce conflict (shift 74, reduce 46) on COMP
98: shift/reduce conflict (shift 75, reduce 46) on MULT
98: shift/reduce conflict (shift 8, reduce 46) on MENOS
98: shift/reduce conflict (shift 9, reduce 46) on MAS
98: shift/reduce conflict (shift 76, reduce 46) on "IS"
98: shift/reduce conflict (shift 77, reduce 46) on "AND"
98: shift/reduce conflict (shift 78, reduce 46) on "OR"
state 98
	NUMBEROP : NUMBEROP . OPERATION NUMBEROP  (46)
	NUMBEROP : NUMBEROP OPERATION NUMBEROP .  (46)

	OPAL  shift 73
	COMP  shift 74
	MULT  shift 75
	MENOS  shift 8
	MAS  shift 9
	"IS"  shift 76
	"AND"  shift 77
	"OR"  shift 78
	$end  reduce 46
	error  reduce 46
	STR  reduce 46
	INT  reduce 46
	DEC  reduce 46
	LONG  reduce 46
	IMG  reduce 46
	VAR  reduce 46
	SALTO  reduce 46
	"PASS"  reduce 46
	','  reduce 46
	'['  reduce 46
	']'  reduce 46
	"NOT"  reduce 46
	"TRUE"  reduce 46
	"FALSE"  reduce 46
	'('  reduce 46
	')'  reduce 46
	"IMPORT"  reduce 46
	"RANGE"  reduce 46
	"IF"  reduce 46
	':'  reduce 46
	"ELIF"  reduce 46
	"ELSE"  reduce 46
	"FOR"  reduce 46
	"WHILE"  reduce 46
	"PRINT"  reduce 46
	"DEF"  reduce 46
	"RETURN"  reduce 46
	';'  reduce 46

	OPESTA  goto 79
	OPERATION  goto 80
	OPBOL  goto 81


state 99
	DECLA : ',' VAR DECLA . DERANGE ','  (26)

	STR  shift 1
	INT  shift 2
	DEC  shift 3
	LONG  shift 4
	IMG  shift 5
	VAR  shift 50
	MENOS  shift 8
	MAS  shift 9
	'['  shift 11
	"NOT"  shift 12
	"TRUE"  shift 13
	"FALSE"  shift 14
	'('  shift 15
	"RANGE"  shift 17
	.  error

	NEWNUMBER  goto 33
	OPESTA  goto 34
	NUMBER  goto 35
	DERANGE  goto 123
	EXPRESSION  goto 52
	RANGE  goto 53
	LIST  goto 38
	CALLSITO  goto 39
	MATRIX  goto 40
	MATRIXCALL  goto 41
	LISTCALL  goto 42
	NUMBEROP  goto 43
	FUNCTION  goto 44


state 100
	LISTCALL : VAR '[' . CALLSITO ']'  (37)

	INT  shift 2
	DEC  shift 3
	LONG  shift 4
	IMG  shift 5
	VAR  shift 83
	MENOS  shift 8
	MAS  shift 9
	"NOT"  shift 12
	"TRUE"  shift 13
	"FALSE"  shift 14
	'('  shift 15
	.  error

	NEWNUMBER  goto 33
	OPESTA  goto 34
	NUMBER  goto 35
	CALLSITO  goto 124
	LISTCALL  goto 42
	NUMBEROP  goto 43
	FUNCTION  goto 44


101: shift/reduce conflict (shift 125, reduce 37) on '['
state 101
	LISTCALL : VAR '[' CALLSITO ']' .  (37)
	MATRIXCALL : VAR '[' CALLSITO ']' . '[' CALLSITO ']'  (41)

	'['  shift 125
	$end  reduce 37
	error  reduce 37
	STR  reduce 37
	INT  reduce 37
	DEC  reduce 37
	LONG  reduce 37
	IMG  reduce 37
	VAR  reduce 37
	SALTO  reduce 37
	MENOS  reduce 37
	MAS  reduce 37
	"PASS"  reduce 37
	','  reduce 37
	']'  reduce 37
	"NOT"  reduce 37
	"TRUE"  reduce 37
	"FALSE"  reduce 37
	'('  reduce 37
	')'  reduce 37
	"IMPORT"  reduce 37
	"RANGE"  reduce 37
	"IF"  reduce 37
	':'  reduce 37
	"ELIF"  reduce 37
	"ELSE"  reduce 37
	"FOR"  reduce 37
	"WHILE"  reduce 37
	"PRINT"  reduce 37
	"DEF"  reduce 37
	"RETURN"  reduce 37
	';'  reduce 37


state 102
	FU : ',' . DERANGE FU  (62)

	STR  shift 1
	INT  shift 2
	DEC  shift 3
	LONG  shift 4
	IMG  shift 5
	VAR  shift 50
	MENOS  shift 8
	MAS  shift 9
	'['  shift 11
	"NOT"  shift 12
	"TRUE"  shift 13
	"FALSE"  shift 14
	'('  shift 15
	"RANGE"  shift 17
	.  error

	NEWNUMBER  goto 33
	OPESTA  goto 34
	NUMBER  goto 35
	DERANGE  goto 126
	EXPRESSION  goto 52
	RANGE  goto 53
	LIST  goto 38
	CALLSITO  goto 39
	MATRIX  goto 40
	MATRIXCALL  goto 41
	LISTCALL  goto 42
	NUMBEROP  goto 43
	FUNCTION  goto 44


state 103
	FUNCTION : VAR '(' DERANGE FU . ')'  (61)

	')'  shift 127
	.  error


state 104
	DECLARACION : VAR DECLA DERANGE END .  (25)

	.  reduce 25


state 105
	LI : ',' DERANGE . LI  (43)
	LI : .  (44)

	','  shift 87
	']'  reduce 44

	LI  goto 128


state 106
	LIST : '[' DERANGE LI ']' .  (42)

	.  reduce 42


state 107
	RANG : EXPRESSION ',' . EXPRESSION  (67)

	STR  shift 1
	INT  shift 2
	DEC  shift 3
	LONG  shift 4
	IMG  shift 5
	VAR  shift 50
	MENOS  shift 8
	MAS  shift 9
	'['  shift 11
	"NOT"  shift 12
	"TRUE"  shift 13
	"FALSE"  shift 14
	'('  shift 15
	.  error

	NEWNUMBER  goto 33
	OPESTA  goto 34
	NUMBER  goto 35
	EXPRESSION  goto 129
	LIST  goto 38
	CALLSITO  goto 39
	MATRIX  goto 40
	MATRIXCALL  goto 41
	LISTCALL  goto 42
	NUMBEROP  goto 43
	FUNCTION  goto 44


state 108
	RANGE : "RANGE" '(' RANG ')' .  (65)

	.  reduce 65


state 109
	PLUSTART : "BREAK" .  (81)

	.  reduce 81


state 110
	PLUSTART : "CONTINUE" .  (82)

	.  reduce 82


111: reduce/reduce conflict (reduce 16, reduce 80) on $end
111: reduce/reduce conflict (reduce 16, reduce 80) on error
111: shift/reduce conflict (shift 1, reduce 16) on STR
111: shift/reduce conflict (shift 1, reduce 80) on STR
111: shift/reduce conflict (shift 2, reduce 16) on INT
111: shift/reduce conflict (shift 2, reduce 80) on INT
111: shift/reduce conflict (shift 3, reduce 16) on DEC
111: shift/reduce conflict (shift 3, reduce 80) on DEC
111: shift/reduce conflict (shift 4, reduce 16) on LONG
111: shift/reduce conflict (shift 4, reduce 80) on LONG
111: shift/reduce conflict (shift 5, reduce 16) on IMG
111: shift/reduce conflict (shift 5, reduce 80) on IMG
111: shift/reduce conflict (shift 6, reduce 16) on VAR
111: shift/reduce conflict (shift 6, reduce 80) on VAR
111: shift/reduce conflict (shift 7, reduce 16) on SALTO
111: shift/reduce conflict (shift 7, reduce 80) on SALTO
111: shift/reduce conflict (shift 8, reduce 16) on MENOS
111: shift/reduce conflict (shift 8, reduce 80) on MENOS
111: shift/reduce conflict (shift 9, reduce 16) on MAS
111: shift/reduce conflict (shift 9, reduce 80) on MAS
111: shift/reduce conflict (shift 10, reduce 16) on "PASS"
111: shift/reduce conflict (shift 10, reduce 80) on "PASS"
111: shift/reduce conflict (shift 11, reduce 16) on '['
111: shift/reduce conflict (shift 11, reduce 80) on '['
111: shift/reduce conflict (shift 12, reduce 16) on "NOT"
111: shift/reduce conflict (shift 12, reduce 80) on "NOT"
111: shift/reduce conflict (shift 13, reduce 16) on "TRUE"
111: shift/reduce conflict (shift 13, reduce 80) on "TRUE"
111: shift/reduce conflict (shift 14, reduce 16) on "FALSE"
111: shift/reduce conflict (shift 14, reduce 80) on "FALSE"
111: shift/reduce conflict (shift 15, reduce 16) on '('
111: shift/reduce conflict (shift 15, reduce 80) on '('
111: shift/reduce conflict (shift 16, reduce 16) on "IMPORT"
111: shift/reduce conflict (shift 16, reduce 80) on "IMPORT"
111: shift/reduce conflict (shift 17, reduce 16) on "RANGE"
111: shift/reduce conflict (shift 17, reduce 80) on "RANGE"
111: shift/reduce conflict (shift 18, reduce 16) on "IF"
111: shift/reduce conflict (shift 18, reduce 80) on "IF"
111: reduce/reduce conflict (reduce 16, reduce 80) on "ELIF"
111: reduce/reduce conflict (reduce 16, reduce 80) on "ELSE"
111: shift/reduce conflict (shift 19, reduce 16) on "FOR"
111: shift/reduce conflict (shift 19, reduce 80) on "FOR"
111: shift/reduce conflict (shift 20, reduce 16) on "WHILE"
111: shift/reduce conflict (shift 20, reduce 80) on "WHILE"
111: shift/reduce conflict (shift 21, reduce 16) on "PRINT"
111: shift/reduce conflict (shift 21, reduce 80) on "PRINT"
111: shift/reduce conflict (shift 22, reduce 16) on "DEF"
111: shift/reduce conflict (shift 22, reduce 80) on "DEF"
111: reduce/reduce conflict (reduce 16, reduce 80) on "RETURN"
state 111
	MULTISTART : MULTISTART . MULTISTART  (15)
	PLUSTART : MULTISTART .  (80)
	MULTISTART : .  (16)

	STR  shift 1
	INT  shift 2
	DEC  shift 3
	LONG  shift 4
	IMG  shift 5
	VAR  shift 6
	SALTO  shift 7
	MENOS  shift 8
	MAS  shift 9
	"PASS"  shift 10
	'['  shift 11
	"NOT"  shift 12
	"TRUE"  shift 13
	"FALSE"  shift 14
	'('  shift 15
	"IMPORT"  shift 16
	"RANGE"  shift 17
	"IF"  shift 18
	"FOR"  shift 19
	"WHILE"  shift 20
	"PRINT"  shift 21
	"DEF"  shift 22
	$end  reduce 16
	error  reduce 16
	"ELIF"  reduce 16
	"ELSE"  reduce 16
	"RETURN"  reduce 16

	MULTISTART  goto 67
	DECLARACION  goto 25
	IMPORT  goto 26
	DEFF  goto 27
	PRINT  goto 28
	WHILEE  goto 29
	FO  goto 30
	DERAGEX  goto 31
	IFF  goto 32
	NEWNUMBER  goto 33
	OPESTA  goto 34
	NUMBER  goto 35
	EXPRESSION  goto 36
	RANGE  goto 37
	LIST  goto 38
	CALLSITO  goto 39
	MATRIX  goto 40
	MATRIXCALL  goto 41
	LISTCALL  goto 42
	NUMBEROP  goto 43
	FUNCTION  goto 44


112: shift/reduce conflict (shift 130, reduce 70) on "ELIF"
state 112
	IFF : "IF" DERANGE ':' PLUSTART . ELIF ELSE  (68)
	ELIF : .  (70)

	"ELIF"  shift 130
	$end  reduce 70
	error  reduce 70
	STR  reduce 70
	INT  reduce 70
	DEC  reduce 70
	LONG  reduce 70
	IMG  reduce 70
	VAR  reduce 70
	SALTO  reduce 70
	MENOS  reduce 70
	MAS  reduce 70
	"PASS"  reduce 70
	'['  reduce 70
	"NOT"  reduce 70
	"TRUE"  reduce 70
	"FALSE"  reduce 70
	'('  reduce 70
	"IMPORT"  reduce 70
	"RANGE"  reduce 70
	"IF"  reduce 70
	"ELSE"  reduce 70
	"FOR"  reduce 70
	"WHILE"  reduce 70
	"PRINT"  reduce 70
	"DEF"  reduce 70
	"RETURN"  reduce 70

	ELIF  goto 131


state 113
	FORIMP : STR .  (76)

	.  reduce 76


state 114
	LISTCALL : VAR . '[' CALLSITO ']'  (37)
	FORIMP : VAR .  (74)

	'['  shift 100
	':'  reduce 74


state 115
	FORIMP : RANGE .  (75)

	.  reduce 75


state 116
	FORIMP : LIST .  (77)

	.  reduce 77


state 117
	FORIMP : LISTCALL .  (78)

	.  reduce 78


state 118
	FO : "FOR" VAR "IN" FORIMP . ':' PLUSTART  (73)

	':'  shift 132
	.  error


state 119
	WHILEE : "WHILE" DERANGE ':' PLUSTART .  (79)

	.  reduce 79


state 120
	CICLIKRANGE : ',' . DERANGE CICLIKRANGE  (84)

	STR  shift 1
	INT  shift 2
	DEC  shift 3
	LONG  shift 4
	IMG  shift 5
	VAR  shift 50
	MENOS  shift 8
	MAS  shift 9
	'['  shift 11
	"NOT"  shift 12
	"TRUE"  shift 13
	"FALSE"  shift 14
	'('  shift 15
	"RANGE"  shift 17
	.  error

	NEWNUMBER  goto 33
	OPESTA  goto 34
	NUMBER  goto 35
	DERANGE  goto 133
	EXPRESSION  goto 52
	RANGE  goto 53
	LIST  goto 38
	CALLSITO  goto 39
	MATRIX  goto 40
	MATRIXCALL  goto 41
	LISTCALL  goto 42
	NUMBEROP  goto 43
	FUNCTION  goto 44


state 121
	PRINT : "PRINT" '(' DERANGE CICLIKRANGE . ')' END  (83)

	')'  shift 134
	.  error


122: reduce/reduce conflict (reduce 16, reduce 88) on $end
122: reduce/reduce conflict (reduce 16, reduce 88) on error
122: shift/reduce conflict (shift 1, reduce 16) on STR
122: shift/reduce conflict (shift 1, reduce 88) on STR
122: shift/reduce conflict (shift 2, reduce 16) on INT
122: shift/reduce conflict (shift 2, reduce 88) on INT
122: shift/reduce conflict (shift 3, reduce 16) on DEC
122: shift/reduce conflict (shift 3, reduce 88) on DEC
122: shift/reduce conflict (shift 4, reduce 16) on LONG
122: shift/reduce conflict (shift 4, reduce 88) on LONG
122: shift/reduce conflict (shift 5, reduce 16) on IMG
122: shift/reduce conflict (shift 5, reduce 88) on IMG
122: shift/reduce conflict (shift 6, reduce 16) on VAR
122: shift/reduce conflict (shift 6, reduce 88) on VAR
122: shift/reduce conflict (shift 7, reduce 16) on SALTO
122: shift/reduce conflict (shift 7, reduce 88) on SALTO
122: shift/reduce conflict (shift 8, reduce 16) on MENOS
122: shift/reduce conflict (shift 8, reduce 88) on MENOS
122: shift/reduce conflict (shift 9, reduce 16) on MAS
122: shift/reduce conflict (shift 9, reduce 88) on MAS
122: shift/reduce conflict (shift 10, reduce 16) on "PASS"
122: shift/reduce conflict (shift 10, reduce 88) on "PASS"
122: shift/reduce conflict (shift 11, reduce 16) on '['
122: shift/reduce conflict (shift 11, reduce 88) on '['
122: shift/reduce conflict (shift 12, reduce 16) on "NOT"
122: shift/reduce conflict (shift 12, reduce 88) on "NOT"
122: shift/reduce conflict (shift 13, reduce 16) on "TRUE"
122: shift/reduce conflict (shift 13, reduce 88) on "TRUE"
122: shift/reduce conflict (shift 14, reduce 16) on "FALSE"
122: shift/reduce conflict (shift 14, reduce 88) on "FALSE"
122: shift/reduce conflict (shift 15, reduce 16) on '('
122: shift/reduce conflict (shift 15, reduce 88) on '('
122: shift/reduce conflict (shift 16, reduce 16) on "IMPORT"
122: shift/reduce conflict (shift 16, reduce 88) on "IMPORT"
122: shift/reduce conflict (shift 17, reduce 16) on "RANGE"
122: shift/reduce conflict (shift 17, reduce 88) on "RANGE"
122: shift/reduce conflict (shift 18, reduce 16) on "IF"
122: shift/reduce conflict (shift 18, reduce 88) on "IF"
122: reduce/reduce conflict (reduce 16, reduce 88) on "ELIF"
122: reduce/reduce conflict (reduce 16, reduce 88) on "ELSE"
122: shift/reduce conflict (shift 19, reduce 16) on "FOR"
122: shift/reduce conflict (shift 19, reduce 88) on "FOR"
122: shift/reduce conflict (shift 20, reduce 16) on "WHILE"
122: shift/reduce conflict (shift 20, reduce 88) on "WHILE"
122: shift/reduce conflict (shift 21, reduce 16) on "PRINT"
122: shift/reduce conflict (shift 21, reduce 88) on "PRINT"
122: shift/reduce conflict (shift 22, reduce 16) on "DEF"
122: shift/reduce conflict (shift 22, reduce 88) on "DEF"
122: shift/reduce conflict (shift 135, reduce 16) on "RETURN"
122: shift/reduce conflict (shift 135, reduce 88) on "RETURN"
state 122
	MULTISTART : MULTISTART . MULTISTART  (15)
	DEFF : "DEF" FUNCTION ':' MULTISTART . RETU  (86)
	MULTISTART : .  (16)
	RETU : .  (88)

	STR  shift 1
	INT  shift 2
	DEC  shift 3
	LONG  shift 4
	IMG  shift 5
	VAR  shift 6
	SALTO  shift 7
	MENOS  shift 8
	MAS  shift 9
	"PASS"  shift 10
	'['  shift 11
	"NOT"  shift 12
	"TRUE"  shift 13
	"FALSE"  shift 14
	'('  shift 15
	"IMPORT"  shift 16
	"RANGE"  shift 17
	"IF"  shift 18
	"FOR"  shift 19
	"WHILE"  shift 20
	"PRINT"  shift 21
	"DEF"  shift 22
	"RETURN"  shift 135
	$end  reduce 16
	error  reduce 16
	"ELIF"  reduce 16
	"ELSE"  reduce 16

	MULTISTART  goto 67
	DECLARACION  goto 25
	IMPORT  goto 26
	DEFF  goto 27
	PRINT  goto 28
	WHILEE  goto 29
	FO  goto 30
	DERAGEX  goto 31
	IFF  goto 32
	NEWNUMBER  goto 33
	OPESTA  goto 34
	NUMBER  goto 35
	EXPRESSION  goto 36
	RANGE  goto 37
	LIST  goto 38
	CALLSITO  goto 39
	MATRIX  goto 40
	MATRIXCALL  goto 41
	LISTCALL  goto 42
	NUMBEROP  goto 43
	FUNCTION  goto 44
	RETU  goto 136


state 123
	DECLA : ',' VAR DECLA DERANGE . ','  (26)

	','  shift 137
	.  error


state 124
	LISTCALL : VAR '[' CALLSITO . ']'  (37)

	']'  shift 138
	.  error


state 125
	MATRIXCALL : VAR '[' CALLSITO ']' '[' . CALLSITO ']'  (41)

	INT  shift 2
	DEC  shift 3
	LONG  shift 4
	IMG  shift 5
	VAR  shift 83
	MENOS  shift 8
	MAS  shift 9
	"NOT"  shift 12
	"TRUE"  shift 13
	"FALSE"  shift 14
	'('  shift 15
	.  error

	NEWNUMBER  goto 33
	OPESTA  goto 34
	NUMBER  goto 35
	CALLSITO  goto 139
	LISTCALL  goto 42
	NUMBEROP  goto 43
	FUNCTION  goto 44


state 126
	FU : ',' DERANGE . FU  (62)
	FU : .  (63)

	','  shift 102
	')'  reduce 63

	FU  goto 140


state 127
	FUNCTION : VAR '(' DERANGE FU ')' .  (61)

	.  reduce 61


state 128
	LI : ',' DERANGE LI .  (43)

	.  reduce 43


state 129
	RANG : EXPRESSION ',' EXPRESSION .  (67)

	.  reduce 67


state 130
	ELIF : "ELIF" . DERANGE ':' PLUSTART ELIF  (69)

	STR  shift 1
	INT  shift 2
	DEC  shift 3
	LONG  shift 4
	IMG  shift 5
	VAR  shift 50
	MENOS  shift 8
	MAS  shift 9
	'['  shift 11
	"NOT"  shift 12
	"TRUE"  shift 13
	"FALSE"  shift 14
	'('  shift 15
	"RANGE"  shift 17
	.  error

	NEWNUMBER  goto 33
	OPESTA  goto 34
	NUMBER  goto 35
	DERANGE  goto 141
	EXPRESSION  goto 52
	RANGE  goto 53
	LIST  goto 38
	CALLSITO  goto 39
	MATRIX  goto 40
	MATRIXCALL  goto 41
	LISTCALL  goto 42
	NUMBEROP  goto 43
	FUNCTION  goto 44


131: shift/reduce conflict (shift 142, reduce 72) on "ELSE"
state 131
	IFF : "IF" DERANGE ':' PLUSTART ELIF . ELSE  (68)
	ELSE : .  (72)

	"ELSE"  shift 142
	$end  reduce 72
	error  reduce 72
	STR  reduce 72
	INT  reduce 72
	DEC  reduce 72
	LONG  reduce 72
	IMG  reduce 72
	VAR  reduce 72
	SALTO  reduce 72
	MENOS  reduce 72
	MAS  reduce 72
	"PASS"  reduce 72
	'['  reduce 72
	"NOT"  reduce 72
	"TRUE"  reduce 72
	"FALSE"  reduce 72
	'('  reduce 72
	"IMPORT"  reduce 72
	"RANGE"  reduce 72
	"IF"  reduce 72
	"ELIF"  reduce 72
	"FOR"  reduce 72
	"WHILE"  reduce 72
	"PRINT"  reduce 72
	"DEF"  reduce 72
	"RETURN"  reduce 72

	ELSE  goto 143


132: shift/reduce conflict (shift 1, reduce 16) on STR
132: shift/reduce conflict (shift 2, reduce 16) on INT
132: shift/reduce conflict (shift 3, reduce 16) on DEC
132: shift/reduce conflict (shift 4, reduce 16) on LONG
132: shift/reduce conflict (shift 5, reduce 16) on IMG
132: shift/reduce conflict (shift 6, reduce 16) on VAR
132: shift/reduce conflict (shift 7, reduce 16) on SALTO
132: shift/reduce conflict (shift 8, reduce 16) on MENOS
132: shift/reduce conflict (shift 9, reduce 16) on MAS
132: shift/reduce conflict (shift 10, reduce 16) on "PASS"
132: shift/reduce conflict (shift 11, reduce 16) on '['
132: shift/reduce conflict (shift 12, reduce 16) on "NOT"
132: shift/reduce conflict (shift 13, reduce 16) on "TRUE"
132: shift/reduce conflict (shift 14, reduce 16) on "FALSE"
132: shift/reduce conflict (shift 15, reduce 16) on '('
132: shift/reduce conflict (shift 16, reduce 16) on "IMPORT"
132: shift/reduce conflict (shift 17, reduce 16) on "RANGE"
132: shift/reduce conflict (shift 18, reduce 16) on "IF"
132: shift/reduce conflict (shift 19, reduce 16) on "FOR"
132: shift/reduce conflict (shift 20, reduce 16) on "WHILE"
132: shift/reduce conflict (shift 21, reduce 16) on "PRINT"
132: shift/reduce conflict (shift 22, reduce 16) on "DEF"
state 132
	FO : "FOR" VAR "IN" FORIMP ':' . PLUSTART  (73)
	MULTISTART : .  (16)

	STR  shift 1
	INT  shift 2
	DEC  shift 3
	LONG  shift 4
	IMG  shift 5
	VAR  shift 6
	SALTO  shift 7
	MENOS  shift 8
	MAS  shift 9
	"PASS"  shift 10
	'['  shift 11
	"NOT"  shift 12
	"TRUE"  shift 13
	"FALSE"  shift 14
	'('  shift 15
	"IMPORT"  shift 16
	"RANGE"  shift 17
	"IF"  shift 18
	"FOR"  shift 19
	"WHILE"  shift 20
	"BREAK"  shift 109
	"CONTINUE"  shift 110
	"PRINT"  shift 21
	"DEF"  shift 22
	$end  reduce 16
	error  reduce 16
	"ELIF"  reduce 16
	"ELSE"  reduce 16
	"RETURN"  reduce 16

	MULTISTART  goto 111
	DECLARACION  goto 25
	IMPORT  goto 26
	DEFF  goto 27
	PRINT  goto 28
	WHILEE  goto 29
	FO  goto 30
	DERAGEX  goto 31
	IFF  goto 32
	NEWNUMBER  goto 33
	OPESTA  goto 34
	NUMBER  goto 35
	EXPRESSION  goto 36
	RANGE  goto 37
	LIST  goto 38
	CALLSITO  goto 39
	MATRIX  goto 40
	MATRIXCALL  goto 41
	LISTCALL  goto 42
	NUMBEROP  goto 43
	FUNCTION  goto 44
	PLUSTART  goto 144


state 133
	CICLIKRANGE : ',' DERANGE . CICLIKRANGE  (84)
	CICLIKRANGE : .  (85)

	','  shift 120
	')'  reduce 85

	CICLIKRANGE  goto 145


state 134
	PRINT : "PRINT" '(' DERANGE CICLIKRANGE ')' . END  (83)
	END : .  (90)

	';'  shift 69
	$end  reduce 90
	error  reduce 90
	STR  reduce 90
	INT  reduce 90
	DEC  reduce 90
	LONG  reduce 90
	IMG  reduce 90
	VAR  reduce 90
	SALTO  reduce 90
	MENOS  reduce 90
	MAS  reduce 90
	"PASS"  reduce 90
	'['  reduce 90
	"NOT"  reduce 90
	"TRUE"  reduce 90
	"FALSE"  reduce 90
	'('  reduce 90
	"IMPORT"  reduce 90
	"RANGE"  reduce 90
	"IF"  reduce 90
	"ELIF"  reduce 90
	"ELSE"  reduce 90
	"FOR"  reduce 90
	"WHILE"  reduce 90
	"PRINT"  reduce 90
	"DEF"  reduce 90
	"RETURN"  reduce 90

	END  goto 146


state 135
	RETU : "RETURN" . END  (87)
	END : .  (90)

	';'  shift 69
	$end  reduce 90
	error  reduce 90
	STR  reduce 90
	INT  reduce 90
	DEC  reduce 90
	LONG  reduce 90
	IMG  reduce 90
	VAR  reduce 90
	SALTO  reduce 90
	MENOS  reduce 90
	MAS  reduce 90
	"PASS"  reduce 90
	'['  reduce 90
	"NOT"  reduce 90
	"TRUE"  reduce 90
	"FALSE"  reduce 90
	'('  reduce 90
	"IMPORT"  reduce 90
	"RANGE"  reduce 90
	"IF"  reduce 90
	"ELIF"  reduce 90
	"ELSE"  reduce 90
	"FOR"  reduce 90
	"WHILE"  reduce 90
	"PRINT"  reduce 90
	"DEF"  reduce 90
	"RETURN"  reduce 90

	END  goto 147


state 136
	DEFF : "DEF" FUNCTION ':' MULTISTART RETU .  (86)

	.  reduce 86


state 137
	DECLA : ',' VAR DECLA DERANGE ',' .  (26)

	.  reduce 26


state 138
	LISTCALL : VAR '[' CALLSITO ']' .  (37)

	.  reduce 37


state 139
	MATRIXCALL : VAR '[' CALLSITO ']' '[' CALLSITO . ']'  (41)

	']'  shift 148
	.  error


state 140
	FU : ',' DERANGE FU .  (62)

	.  reduce 62


state 141
	ELIF : "ELIF" DERANGE . ':' PLUSTART ELIF  (69)

	':'  shift 149
	.  error


state 142
	ELSE : "ELSE" . ':' PLUSTART  (71)

	':'  shift 150
	.  error


state 143
	IFF : "IF" DERANGE ':' PLUSTART ELIF ELSE .  (68)

	.  reduce 68


state 144
	FO : "FOR" VAR "IN" FORIMP ':' PLUSTART .  (73)

	.  reduce 73


state 145
	CICLIKRANGE : ',' DERANGE CICLIKRANGE .  (84)

	.  reduce 84


state 146
	PRINT : "PRINT" '(' DERANGE CICLIKRANGE ')' END .  (83)

	.  reduce 83


state 147
	RETU : "RETURN" END .  (87)

	.  reduce 87


state 148
	MATRIXCALL : VAR '[' CALLSITO ']' '[' CALLSITO ']' .  (41)

	.  reduce 41


149: shift/reduce conflict (shift 1, reduce 16) on STR
149: shift/reduce conflict (shift 2, reduce 16) on INT
149: shift/reduce conflict (shift 3, reduce 16) on DEC
149: shift/reduce conflict (shift 4, reduce 16) on LONG
149: shift/reduce conflict (shift 5, reduce 16) on IMG
149: shift/reduce conflict (shift 6, reduce 16) on VAR
149: shift/reduce conflict (shift 7, reduce 16) on SALTO
149: shift/reduce conflict (shift 8, reduce 16) on MENOS
149: shift/reduce conflict (shift 9, reduce 16) on MAS
149: shift/reduce conflict (shift 10, reduce 16) on "PASS"
149: shift/reduce conflict (shift 11, reduce 16) on '['
149: shift/reduce conflict (shift 12, reduce 16) on "NOT"
149: shift/reduce conflict (shift 13, reduce 16) on "TRUE"
149: shift/reduce conflict (shift 14, reduce 16) on "FALSE"
149: shift/reduce conflict (shift 15, reduce 16) on '('
149: shift/reduce conflict (shift 16, reduce 16) on "IMPORT"
149: shift/reduce conflict (shift 17, reduce 16) on "RANGE"
149: shift/reduce conflict (shift 18, reduce 16) on "IF"
149: shift/reduce conflict (shift 19, reduce 16) on "FOR"
149: shift/reduce conflict (shift 20, reduce 16) on "WHILE"
149: shift/reduce conflict (shift 21, reduce 16) on "PRINT"
149: shift/reduce conflict (shift 22, reduce 16) on "DEF"
state 149
	ELIF : "ELIF" DERANGE ':' . PLUSTART ELIF  (69)
	MULTISTART : .  (16)

	STR  shift 1
	INT  shift 2
	DEC  shift 3
	LONG  shift 4
	IMG  shift 5
	VAR  shift 6
	SALTO  shift 7
	MENOS  shift 8
	MAS  shift 9
	"PASS"  shift 10
	'['  shift 11
	"NOT"  shift 12
	"TRUE"  shift 13
	"FALSE"  shift 14
	'('  shift 15
	"IMPORT"  shift 16
	"RANGE"  shift 17
	"IF"  shift 18
	"FOR"  shift 19
	"WHILE"  shift 20
	"BREAK"  shift 109
	"CONTINUE"  shift 110
	"PRINT"  shift 21
	"DEF"  shift 22
	$end  reduce 16
	error  reduce 16
	"ELIF"  reduce 16
	"ELSE"  reduce 16
	"RETURN"  reduce 16

	MULTISTART  goto 111
	DECLARACION  goto 25
	IMPORT  goto 26
	DEFF  goto 27
	PRINT  goto 28
	WHILEE  goto 29
	FO  goto 30
	DERAGEX  goto 31
	IFF  goto 32
	NEWNUMBER  goto 33
	OPESTA  goto 34
	NUMBER  goto 35
	EXPRESSION  goto 36
	RANGE  goto 37
	LIST  goto 38
	CALLSITO  goto 39
	MATRIX  goto 40
	MATRIXCALL  goto 41
	LISTCALL  goto 42
	NUMBEROP  goto 43
	FUNCTION  goto 44
	PLUSTART  goto 151


150: shift/reduce conflict (shift 1, reduce 16) on STR
150: shift/reduce conflict (shift 2, reduce 16) on INT
150: shift/reduce conflict (shift 3, reduce 16) on DEC
150: shift/reduce conflict (shift 4, reduce 16) on LONG
150: shift/reduce conflict (shift 5, reduce 16) on IMG
150: shift/reduce conflict (shift 6, reduce 16) on VAR
150: shift/reduce conflict (shift 7, reduce 16) on SALTO
150: shift/reduce conflict (shift 8, reduce 16) on MENOS
150: shift/reduce conflict (shift 9, reduce 16) on MAS
150: shift/reduce conflict (shift 10, reduce 16) on "PASS"
150: shift/reduce conflict (shift 11, reduce 16) on '['
150: shift/reduce conflict (shift 12, reduce 16) on "NOT"
150: shift/reduce conflict (shift 13, reduce 16) on "TRUE"
150: shift/reduce conflict (shift 14, reduce 16) on "FALSE"
150: shift/reduce conflict (shift 15, reduce 16) on '('
150: shift/reduce conflict (shift 16, reduce 16) on "IMPORT"
150: shift/reduce conflict (shift 17, reduce 16) on "RANGE"
150: shift/reduce conflict (shift 18, reduce 16) on "IF"
150: shift/reduce conflict (shift 19, reduce 16) on "FOR"
150: shift/reduce conflict (shift 20, reduce 16) on "WHILE"
150: shift/reduce conflict (shift 21, reduce 16) on "PRINT"
150: shift/reduce conflict (shift 22, reduce 16) on "DEF"
state 150
	ELSE : "ELSE" ':' . PLUSTART  (71)
	MULTISTART : .  (16)

	STR  shift 1
	INT  shift 2
	DEC  shift 3
	LONG  shift 4
	IMG  shift 5
	VAR  shift 6
	SALTO  shift 7
	MENOS  shift 8
	MAS  shift 9
	"PASS"  shift 10
	'['  shift 11
	"NOT"  shift 12
	"TRUE"  shift 13
	"FALSE"  shift 14
	'('  shift 15
	"IMPORT"  shift 16
	"RANGE"  shift 17
	"IF"  shift 18
	"FOR"  shift 19
	"WHILE"  shift 20
	"BREAK"  shift 109
	"CONTINUE"  shift 110
	"PRINT"  shift 21
	"DEF"  shift 22
	$end  reduce 16
	error  reduce 16
	"ELIF"  reduce 16
	"ELSE"  reduce 16
	"RETURN"  reduce 16

	MULTISTART  goto 111
	DECLARACION  goto 25
	IMPORT  goto 26
	DEFF  goto 27
	PRINT  goto 28
	WHILEE  goto 29
	FO  goto 30
	DERAGEX  goto 31
	IFF  goto 32
	NEWNUMBER  goto 33
	OPESTA  goto 34
	NUMBER  goto 35
	EXPRESSION  goto 36
	RANGE  goto 37
	LIST  goto 38
	CALLSITO  goto 39
	MATRIX  goto 40
	MATRIXCALL  goto 41
	LISTCALL  goto 42
	NUMBEROP  goto 43
	FUNCTION  goto 44
	PLUSTART  goto 152


151: shift/reduce conflict (shift 130, reduce 70) on "ELIF"
state 151
	ELIF : "ELIF" DERANGE ':' PLUSTART . ELIF  (69)
	ELIF : .  (70)

	"ELIF"  shift 130
	$end  reduce 70
	error  reduce 70
	STR  reduce 70
	INT  reduce 70
	DEC  reduce 70
	LONG  reduce 70
	IMG  reduce 70
	VAR  reduce 70
	SALTO  reduce 70
	MENOS  reduce 70
	MAS  reduce 70
	"PASS"  reduce 70
	'['  reduce 70
	"NOT"  reduce 70
	"TRUE"  reduce 70
	"FALSE"  reduce 70
	'('  reduce 70
	"IMPORT"  reduce 70
	"RANGE"  reduce 70
	"IF"  reduce 70
	"ELSE"  reduce 70
	"FOR"  reduce 70
	"WHILE"  reduce 70
	"PRINT"  reduce 70
	"DEF"  reduce 70
	"RETURN"  reduce 70

	ELIF  goto 153


state 152
	ELSE : "ELSE" ':' PLUSTART .  (71)

	.  reduce 71


state 153
	ELIF : "ELIF" DERANGE ':' PLUSTART ELIF .  (69)

	.  reduce 69


Rules never reduced:
	PLUSTART : MULTISTART  (80)
	RETU :  (88)


State 0 contains 44 shift/reduce conflicts, 2 reduce/reduce conflicts.
State 6 contains 2 shift/reduce conflicts.
State 23 contains 23 shift/reduce conflicts.
State 24 contains 44 shift/reduce conflicts, 2 reduce/reduce conflicts.
State 38 contains 1 shift/reduce conflict.
State 43 contains 2 shift/reduce conflicts.
State 50 contains 2 shift/reduce conflicts.
State 55 contains 8 shift/reduce conflicts.
State 66 contains 44 shift/reduce conflicts, 2 reduce/reduce conflicts.
State 67 contains 44 shift/reduce conflicts, 5 reduce/reduce conflicts.
State 93 contains 22 shift/reduce conflicts.
State 95 contains 22 shift/reduce conflicts.
State 97 contains 22 shift/reduce conflicts.
State 98 contains 8 shift/reduce conflicts.
State 101 contains 1 shift/reduce conflict.
State 111 contains 44 shift/reduce conflicts, 5 reduce/reduce conflicts.
State 112 contains 1 shift/reduce conflict.
State 122 contains 46 shift/reduce conflicts, 4 reduce/reduce conflicts.
State 131 contains 1 shift/reduce conflict.
State 132 contains 22 shift/reduce conflicts.
State 149 contains 22 shift/reduce conflicts.
State 150 contains 22 shift/reduce conflicts.
State 151 contains 1 shift/reduce conflict.


42 terminals, 37 nonterminals
91 grammar rules, 154 states
